<?xml version="1.0" encoding="UTF-8"?>
<!-- Generated by org.testng.reporters.JUnitXMLReporter -->
<testsuite ignored="0" hostname="DESKTOP-331SN0J" failures="0" tests="2" name="firefoxTest" time="360.823" errors="0" timestamp="2025-02-28T12:03:26 IST">
  <testcase classname="testCases.TC001_AccountRegistrationPage" name="verify_account_registration" time="0.0">
    <skipped/>
  </testcase> <!-- verify_account_registration -->
  <testcase classname="testCases.TC002_LoginTest" name="verify_LoginPage" time="0.0">
    <skipped/>
  </testcase> <!-- verify_LoginPage -->
</testsuite> <!-- firefoxTest -->
